[01:01:18] INFO   ----> Process of diagnostic specification
[01:01:18] INFO   DDM-Version: 14.0.0 (RELEASE)
[01:01:18] INFO   Importing ODX file D:\Autosar\AutosarTools\S32K144_SIP\MICROSAR\CBD1800257_D01_S32K1xx\Applications\S32K144_Start_new_IAR\Inputfiles\ForTraining.cdd, ECU: New_ECU_1, variant: CommonDiagnostics
[01:01:18] INFO   Selecting ECU 'New_ECU_1'  Variant 'CommonDiagnostics'  Protocol UDS.
[01:01:18] INFO   Selecting Manufacturer 'Vector'.
[01:01:18] INFO   'Vector' was selected and 'Vector' was detected.
[01:01:18] INFO   Importing Database information.
[01:01:18] INFO   ----> Importing Variants
[01:01:18] INFO   <---- Importing Variants
[01:01:18] INFO   ----> Importing StateGroups
[01:01:18] INFO   Importing StateMachine information.
[01:01:18] INFO   <---- Importing StateGroups
[01:01:18] INFO   ----> Importing Services
[01:01:18] INFO   Importing Service '1001'.
[01:01:18] INFO   Importing Service '1002'.
[01:01:18] INFO   Importing Service '1003'.
[01:01:18] INFO   Importing Service '1101'.
[01:01:18] INFO   Importing Service '14'.
[01:01:18] INFO   Importing Service '1901'.
[01:01:18] INFO   Importing Service '1902'.
[01:01:18] INFO   Importing Service '1906'.
[01:01:18] INFO   Importing Service '221000'.
[01:01:18] INFO   Importing Service '2701'.
[01:01:18] INFO   Importing Service '2702'.
[01:01:18] INFO   Importing Service '2E1000'.
[01:01:18] INFO   Importing Service '3E00'.
[01:01:18] INFO   Importing Service '8501'.
[01:01:18] INFO   Importing Service '8502'.
[01:01:18] INFO   <---- Importing Services
[01:01:18] INFO   ----> Importing FaultMemory
[01:01:18] INFO   Importing FaultMemory.
[01:01:18] WARN   Could not extract DTC format.
[01:01:18] INFO   AddSnapshotRecords for DTC 2
[01:01:18] WARN   Could not find SnapshotRecords for DTC (0x2). 
[01:01:18] INFO   <---- Importing FaultMemory
[01:01:18] INFO   ----> Importing FreezeFrame
[01:01:18] INFO   <---- Importing FreezeFrame
[01:01:18] INFO   ----> Importing DiagSettings
[01:01:18] INFO   Importing DiagSettings
[01:01:18] WARN   TimeBr > 100: Setting to 100
[01:01:18] WARN   TimeCs > 100: Setting to 100
[01:01:18] INFO   <---- Importing DiagSettings
[01:01:18] INFO   ----> Importing DataCompProps
[01:01:18] INFO   <---- Importing DataCompProps
[01:01:18] INFO   ODX Import finished successfully.
[01:01:18] INFO   Shaping imported model
[01:01:18] INFO   Adding shaper script to remove freeze frame 0x00
[01:01:18] INFO   >>>>>>>>>>>>>>>> SHAPING preparation >>>>>>>>>>>>>>>>
[01:01:18] INFO   <<<<<<<<<<<<<<<< SHAPING ready after 0s (0ms) <<<<<<<<<<<<<<<<
[01:01:18] INFO   >>>>>>>>>>>>>>>> SHAPING started >>>>>>>>>>>>>>>>
[01:01:18] INFO   >>>>>>>>>>>>>>>> ShapingStep ServiceSelection >>>>>>>>>>>>>>>>
[01:01:18] INFO   <<<<<<<<<<<<<<<< ShapingStep ServiceSelection( completed in 0s (0ms) <<<<<<<<<<<<<<<<
[01:01:18] INFO   >>>>>>>>>>>>>>>> ShapingStep DataPreparation >>>>>>>>>>>>>>>>
[01:01:18] NOTE     - Shape Data Comp Collections
[01:01:18] INFO   At Ecu 
[01:01:18] INFO     - Fix Unsigned Boolean
[01:01:18] INFO     - Convert XInt24/XInt64 to Byte-Array
[01:01:18] INFO     - Set Compu-Scale Symbols
[01:01:18] INFO   <<<<<<<<<<<<<<<< ShapingStep DataPreparation( completed in 0s (0ms) <<<<<<<<<<<<<<<<
[01:01:18] INFO   >>>>>>>>>>>>>>>> ShapingStep ServiceDefinition >>>>>>>>>>>>>>>>
[01:01:18] INFO   Finding duplicated services... 
[01:01:18] INFO   Destroying duplicated services... 
[01:01:18] INFO   At Service 0x22 SubService 0x1000 
[01:01:18] INFO     - Applying service definition shaping to protocol component [RecordDataIdentifier]
[01:01:18] INFO     - Service has now new definition: 0x22 0x1000 Diag_RWDI_LightOnOffCounter_Read
[01:01:18] INFO     - Applying service definition shaping to protocol component [RecordDataIdentifier]
[01:01:18] INFO     - Service has now new definition: 0x22 0x1000 Diag_RWDI_LightOnOffCounter_Read
[01:01:18] INFO   At Service 0x2e SubService 0x1000 
[01:01:18] INFO     - Applying service definition shaping to protocol component [RecordDataIdentifier]
[01:01:18] INFO     - Service has now new definition: 0x2e 0x1000 Diag_RWDI_LightOnOffCounter_Write
[01:01:18] INFO     - Applying service definition shaping to protocol component [RecordDataIdentifier]
[01:01:18] INFO     - Service has now new definition: 0x2e 0x1000 Diag_RWDI_LightOnOffCounter_Write
[01:01:18] INFO   <<<<<<<<<<<<<<<< ShapingStep ServiceDefinition( completed in 0s (0ms) <<<<<<<<<<<<<<<<
[01:01:18] INFO   >>>>>>>>>>>>>>>> ShapingStep DataDefinition >>>>>>>>>>>>>>>>
[01:01:18] INFO   Service: 0x2e 0x1000 Diag_RWDI_LightOnOffCounter_Write shared data components linked to: Service: 0x22 0x1000 Diag_RWDI_LightOnOffCounter_Read !!!
[01:01:18] INFO   At Service 0x19 SubService 0x1 (atomic) 
[01:01:18] INFO     - Attribute 'FaultmemoryData' changed from 'N/A' to 'TESTFAULT'
[01:01:18] INFO   At Service 0x10 SubService 0x1 (atomic) 
[01:01:18] INFO     - Attribute 'FaultmemoryData' changed from 'N/A' to 'TESTFAULT'
[01:01:18] INFO   At Service 0x10 SubService 0x1 (atomic) 
[01:01:18] INFO     - Attribute 'FaultmemoryData' changed from 'N/A' to 'TESTFAULT'
[01:01:18] INFO   At Service 0x10 SubService 0x2 (atomic) 
[01:01:18] INFO     - Attribute 'FaultmemoryData' changed from 'N/A' to 'TESTFAULT'
[01:01:18] INFO   At Service 0x10 SubService 0x2 (atomic) 
[01:01:18] INFO     - Attribute 'FaultmemoryData' changed from 'N/A' to 'TESTFAULT'
[01:01:18] INFO   At Service 0x10 SubService 0x3 (atomic) 
[01:01:18] INFO     - Attribute 'FaultmemoryData' changed from 'N/A' to 'TESTFAULT'
[01:01:18] INFO   At Service 0x10 SubService 0x3 (atomic) 
[01:01:18] INFO     - Attribute 'FaultmemoryData' changed from 'N/A' to 'TESTFAULT'
[01:01:18] INFO   At Service 0x22 SubService 0x1000 (atomic) 
[01:01:18] INFO     - Attribute 'FaultmemoryData' changed from 'N/A' to 'TESTFAULT'
[01:01:18] INFO   At Service 0x27 SubService 0x1 (atomic) 
[01:01:18] INFO     - Attribute 'FaultmemoryData' changed from 'N/A' to 'TESTFAULT'
[01:01:18] INFO   At Service 0x27 SubService 0x2 (atomic) 
[01:01:18] INFO     - Attribute 'FaultmemoryData' changed from 'N/A' to 'TESTFAULT'
[01:01:18] NOTE     - Building Service Dids
[01:01:18] NOTE     - Building Routines
[01:01:18] NOTE     - Shape Routine Parameter Names
[01:01:18] INFO   <<<<<<<<<<<<<<<< ShapingStep DataDefinition( completed in 0s (0ms) <<<<<<<<<<<<<<<<
[01:01:18] INFO   >>>>>>>>>>>>>>>> ShapingStep DataIdentifier >>>>>>>>>>>>>>>>
[01:01:18] INFO   <<<<<<<<<<<<<<<< ShapingStep DataIdentifier( completed in 0s (0ms) <<<<<<<<<<<<<<<<
[01:01:18] INFO   >>>>>>>>>>>>>>>> ShapingStep Service >>>>>>>>>>>>>>>>
[01:01:18] INFO   At Service 0x10 
[01:01:18] INFO     - Qualifier changed from 'DefaultSession_Start' to 'DiagSessionControl'
[01:01:18] INFO     - Service action qualifier set to 'SessionControl'
[01:01:18] INFO   At Service 0x10 SubService 0x1 
[01:01:18] INFO     - SubService action qualifier set to 'StartSession'
[01:01:18] INFO   At Service 0x10 SubService 0x2 
[01:01:18] INFO     - SubService action qualifier set to 'StartSession'
[01:01:18] INFO   At Service 0x10 SubService 0x3 
[01:01:18] INFO     - SubService action qualifier set to 'StartSession'
[01:01:18] INFO   At Service 0x10 SubService 0x1 
[01:01:18] INFO     - Qualifier changed from 'DefaultSession_Start' to 'Default'
[01:01:18] INFO   At Service 0x10 SubService 0x2 
[01:01:18] INFO     - Qualifier changed from 'ProgrammingSession_Start' to 'Programming'
[01:01:18] INFO   At Service 0x10 SubService 0x3 
[01:01:18] INFO     - Qualifier changed from 'ExtendedDiagnosticSession_Start' to 'Extended'
[01:01:18] INFO   At Service 0x11 
[01:01:18] INFO     - Qualifier changed from 'ECU_Reset_HardReset_Process' to 'EcuReset'
[01:01:18] INFO   At Service 0x11 SubService 0x1 
[01:01:18] INFO     - SubService action qualifier set to 'EcuReset'
[01:01:18] INFO   At Service 0x11 SubService 0x1 
[01:01:18] INFO     - Qualifier changed from 'ECU_Reset_HardReset_Process' to 'Hard'
[01:01:18] INFO   At Service 0x14 
[01:01:18] INFO     - Qualifier changed from 'FaultMemory_Clear' to 'ClearDiagInfo'
[01:01:18] INFO   At Service 0x14 SubService 
[01:01:18] INFO     - SubService action qualifier set to 'Clear'
[01:01:18] INFO     - Qualifier changed from 'FaultMemory_Clear' to 'ClearDiagInfo'
[01:01:18] INFO   At Service 0x19 
[01:01:18] INFO     - Qualifier changed from 'FaultMemory_ReadAllIdentified' to 'ReadDtcInfo'
[01:01:18] INFO   At Service 0x19 SubService 0x2 
[01:01:18] INFO     - SubService action qualifier set to 'ReadDtc'
[01:01:18] INFO   At Service 0x19 SubService 0x1 
[01:01:18] INFO     - SubService action qualifier set to 'ReadDtc'
[01:01:18] INFO   At Service 0x19 SubService 0x6 
[01:01:18] INFO     - SubService action qualifier set to 'ReadDtc'
[01:01:18] INFO   At Service 0x19 SubService 0x1 
[01:01:18] INFO     - Qualifier changed from 'FaultMemory_ReadNumber' to 'RNODTCBSM'
[01:01:18] INFO   At Service 0x19 SubService 0x2 
[01:01:18] INFO     - Qualifier changed from 'FaultMemory_ReadAllIdentified' to 'RDTCBSM'
[01:01:18] INFO   At Service 0x19 SubService 0x6 
[01:01:18] INFO     - Qualifier changed from 'FaultMemory_Read_extended' to 'RDTCEDRBDN'
[01:01:18] INFO   At Service 0x22 
[01:01:18] INFO     - Qualifier changed from 'Diag_RWDI_LightOnOffCounter_Read' to 'ReadDataById'
[01:01:18] INFO     - Service action qualifier set to 'Read'
[01:01:18] INFO   At Service 0x22 SubService 0x1000 
[01:01:18] INFO     - SubService action qualifier set to 'ReadDid'
[01:01:18] INFO   At Service 0x27 
[01:01:18] INFO     - Qualifier changed from 'Seed_Level1_Request' to 'SecurityAccess'
[01:01:18] INFO     - Service action qualifier set to 'SecurityAccess'
[01:01:18] INFO   At Service 0x27 SubService 0x2 
[01:01:18] INFO     - SubService action qualifier set to 'SendKey'
[01:01:18] INFO   At Service 0x27 SubService 0x1 
[01:01:18] INFO     - SubService action qualifier set to 'GetSeed'
[01:01:18] INFO   At Service 0x2e 
[01:01:18] INFO     - Qualifier changed from 'Diag_RWDI_LightOnOffCounter_Write' to 'WriteDataById'
[01:01:18] INFO     - Service action qualifier set to 'Write'
[01:01:18] INFO   At Service 0x2e SubService 0x1000 
[01:01:18] INFO     - SubService action qualifier set to 'WriteDid'
[01:01:18] INFO   At Service 0x3e 
[01:01:18] INFO     - Qualifier changed from 'TesterPresent_Send' to 'TesterPresent'
[01:01:18] INFO   At Service 0x3e SubService 0x0 
[01:01:18] INFO     - SubService action qualifier set to 'Send'
[01:01:18] INFO     - Qualifier changed from 'TesterPresent_Send' to 'TesterPresent'
[01:01:18] INFO   At Service 0x85 
[01:01:18] INFO     - Qualifier changed from 'ControlDTCSetting_On' to 'ControlDtcSetting'
[01:01:18] INFO   At Service 0x85 SubService 0x1 
[01:01:18] INFO     - SubService action qualifier set to 'ControlDtcSetting'
[01:01:18] INFO   At Service 0x85 SubService 0x2 
[01:01:18] INFO     - SubService action qualifier set to 'ControlDtcSetting'
[01:01:18] INFO   At Service 0x85 SubService 0x1 
[01:01:18] INFO     - Qualifier changed from 'ControlDTCSetting_On' to 'Enable'
[01:01:18] INFO   At Service 0x85 SubService 0x2 
[01:01:18] INFO     - Qualifier changed from 'ControlDTCSetting_Off' to 'Disable'
[01:01:18] INFO   <<<<<<<<<<<<<<<< ShapingStep Service( completed in 0.015s (15ms) <<<<<<<<<<<<<<<<
[01:01:18] INFO   >>>>>>>>>>>>>>>> ShapingStep StateMachine >>>>>>>>>>>>>>>>
[01:01:18] INFO   At Ecu 
[01:01:18] INFO     - Session 'Default' does not have any P2 timings! Created default P2: 50ms
[01:01:18] INFO     - Session 'Default' does not have any P2Ex timings! Created default P2Ex: 5000ms
[01:01:18] INFO     - Session 'Programming' does not have any P2 timings! Created default P2: 50ms
[01:01:18] INFO     - Session 'Programming' does not have any P2Ex timings! Created default P2Ex: 5000ms
[01:01:18] INFO     - Session 'Extended' does not have any P2 timings! Created default P2: 50ms
[01:01:18] INFO     - Session 'Extended' does not have any P2Ex timings! Created default P2Ex: 5000ms
[01:01:18] NOTE     - Building Diagnostic Sessions
[01:01:18] NOTE     -  + Session 'Default' created
[01:01:18] NOTE     -  + Session 'Programming' created
[01:01:18] NOTE     -  + Session 'Extended' created
[01:01:18] NOTE     - Building Diagnostic Securities
[01:01:18] NOTE     -  + Security 'Level_01' created
[01:01:18] NOTE     - Building Access Conditions
[01:01:18] NOTE     -  + Access Cond '|' created
[01:01:18] NOTE     -  + Access Cond '02;03|' created
[01:01:18] NOTE     - Building Access Conditions - finshed
[01:01:18] INFO   <<<<<<<<<<<<<<<< ShapingStep StateMachine( completed in 0s (0ms) <<<<<<<<<<<<<<<<
[01:01:18] INFO   >>>>>>>>>>>>>>>> ShapingStep StateMachine2 >>>>>>>>>>>>>>>>
[01:01:18] INFO   <<<<<<<<<<<<<<<< ShapingStep StateMachine2( completed in 0s (0ms) <<<<<<<<<<<<<<<<
[01:01:18] INFO   >>>>>>>>>>>>>>>> ShapingStep Settings >>>>>>>>>>>>>>>>
[01:01:18] INFO   At Ecu 'New_ECU_1' 
[01:01:18] INFO     - Set 'periodic rate slow' to default '1000'
[01:01:18] INFO     - Set 'periodic rate medium' to default '100'
[01:01:18] INFO     - Set 'periodic rate fast' to default '20'
[01:01:18] INFO     - Set 'maximum number of dynamically defined dids' to '5'
[01:01:18] INFO   <<<<<<<<<<<<<<<< ShapingStep Settings( completed in 0s (0ms) <<<<<<<<<<<<<<<<
[01:01:18] INFO   >>>>>>>>>>>>>>>> ShapingStep FaultMemory >>>>>>>>>>>>>>>>
[01:01:18] NOTE     - Building Diagnostic Event Memories
[01:01:18] INFO   At Ecu 
[01:01:18] INFO     -  + Event-Memory 'PrimaryMemory' created
[01:01:18] INFO   At DTC 0x2 
[01:01:18] INFO     - Member Attribute 'DTC_CLASSIFICATION' set to 'NULL'
[01:01:18] INFO     - Member Attribute 'READINESS_GROUP' set to 'NULL'
[01:01:18] INFO     - Qualifier changed from 'DTC_2' to 'DTC_0x000002'
[01:01:18] INFO     - Member Attribute 'DTC_TYPE' set to default value 'Fault'
[01:01:18] INFO     - Member Attribute 'PRIORITY' set to '2'
[01:01:18] INFO     - Member Attribute 'OPERATION_CYCLE' set to 'DEM_IGNITION'
[01:01:18] INFO     - Member Attribute 'AGING_CYCLE' set to 'DEM_IGNITION'
[01:01:18] INFO     - Member Attribute 'AGING_COUNTER' set to '1'
[01:01:18] INFO     - Member Attribute 'HEALING_CYCLE' set to default value 'NULL'
[01:01:18] INFO     - Member Attribute 'HEALING_COUNTER' set to default value 'NULL'
[01:01:18] INFO     - Add to 'EventMemory' value(s) 'Primary'
[01:01:18] INFO     - Member Attribute 'AGING_ALLOWED' set to 'FALSE'
[01:01:18] INFO     - Member Attribute 'DEBOUNCE_SETTING' changed from 'NONE' to 'COUNTER_BASED'
[01:01:18] INFO   At DTC 0x2 Debounce type: 'COUNTER_BASED' 
[01:01:18] INFO     - Counter Debounce Setting 'JUMP_PASSED' set to 'FALSE'
[01:01:18] INFO     - Counter Debounce Setting 'JUMP_FAILED' set to 'FALSE'
[01:01:18] INFO     - Attribute 'THRESHOLD_STORAGE' setting to default value 'NULL'
[01:01:18] INFO     - Attribute 'THRESHOLD_PASSED' setting to default value 'NULL'
[01:01:18] INFO     - Attribute 'THRESHOLD_FAILED' setting to default value 'NULL'
[01:01:18] INFO     - Counter Debounce Setting 'STEP_SIZE_FAILED' set to '1'
[01:01:18] INFO     - Counter Debounce Setting 'STEP_SIZE_PASSED' set to '1'
[01:01:18] INFO   At DTC 0x2 DEBOUNCE_SETTING: COUNTER_BASED 
[01:01:18] INFO     - Counter Debounce Setting 'JUMP_FAILED' changed from 'FALSE' to 'TRUE'
[01:01:18] INFO   At Ecu 'New_ECU_1' 
[01:01:18] INFO     - Set property 'ssrNumeration' to 'calculated'
[01:01:18] INFO     - Set property 'ssrUpdatable' to 'true'
[01:01:18] INFO     - Set property 'ecgNaming' to 'singleElem'
[01:01:18] INFO   <<<<<<<<<<<<<<<< ShapingStep FaultMemory( completed in 0s (0ms) <<<<<<<<<<<<<<<<
[01:01:18] INFO   >>>>>>>>>>>>>>>> ShapingStep FaultMemory2 >>>>>>>>>>>>>>>>
[01:01:18] NOTE     - Building DidSets. WWH-OBD supported: false
[01:01:18] INFO   <<<<<<<<<<<<<<<< ShapingStep FaultMemory2( completed in 0s (0ms) <<<<<<<<<<<<<<<<
[01:01:18] INFO   >>>>>>>>>>>>>>>> ShapingStep Obd >>>>>>>>>>>>>>>>
[01:01:18] NOTE     - Deleting OBD Sub-Services for Pids
[01:01:18] INFO   <<<<<<<<<<<<<<<< ShapingStep Obd( completed in 0s (0ms) <<<<<<<<<<<<<<<<
[01:01:18] INFO   >>>>>>>>>>>>>>>> ShapingStep CleanUp >>>>>>>>>>>>>>>>
[01:01:18] INFO   <<<<<<<<<<<<<<<< ShapingStep CleanUp( completed in 0s (0ms) <<<<<<<<<<<<<<<<
[01:01:18] INFO   <<<<<<<<<<<<<<<< SHAPING finished after 0.031s (31ms) <<<<<<<<<<<<<<<<
[01:01:18] INFO   Shaping AR-Export
[01:01:18] INFO   ----> Shaping DescDataModel
[01:01:18] INFO   ----> Shape DID data
[01:01:18] INFO   <---- Finished shaping DID data
[01:01:18] INFO   ----> Shape service data
[01:01:18] INFO   <---- Finished shaping service data
[01:01:18] INFO   <---- Finished shaping DescDataModel 
[01:01:18] INFO   Exporting ECUC module configurations to file: C:\Users\31671\AppData\Local\Temp\DaVinci\Cfg-7878141\DiagnosticsImportService\1741798878260-0\DiagnosticsDescriptionData5018520904209226826.xml
[01:01:18] INFO   ----> Create ECUC from imported diagnostic data.
[01:01:18] NOTE   Using EcucEx-Parameter 'DemDidQualifierMode' = 'R19' (default)
[01:01:18] NOTE   Using EcucEx-Parameter 'DcmQualifierMode' = 'R19' (default)
[01:01:18] INFO   ----> STEP 1: Create ECUC model.
[01:01:18] INFO   Creating Dcm module configuration...
[01:01:18] INFO   Creating Dem module configuration...
[01:01:18] INFO   <---- STEP 1: Finished.
[01:01:18] INFO   ----> STEP 2: Postprocess created ECUC model.
[01:01:18] INFO   ----> Decorate imported object qualifiers/shortnames
[01:01:18] INFO   <---- Finished decorating qualifiers/shortnames
[01:01:18] INFO   ----> Transform imported object qualifiers/shortnames to match AUTOSAR IDENTIFIER pattern restriction (except length limit)
[01:01:18] INFO   <---- Finished transforming shortnames
[01:01:18] INFO   ----> Ensure uniqueness of container shortnames within their scope
[01:01:18] INFO   <---- Finished ensuring uniqueness of container shortnames
[01:01:18] INFO   ----> Truncate shortnames whose length exceeds the 128 character limit for AUTOSAR shortnames
[01:01:18] INFO   <---- Finished truncating shortnames
[01:01:18] INFO   ----> Resolve reference parameters
[01:01:18] INFO   <---- Finished resolving reference parameters
[01:01:18] INFO   <---- STEP 2: Finished.
[01:01:18] INFO   ----> STEP 3: Serialize ECUC model to XML.
[01:01:18] INFO   <---- STEP 3: Finished.
[01:01:18] INFO   <---- Finished creation of ECUC from imported diagnostic data.
[01:01:18] INFO   <---- Process of diagnostic specification.
