2025-03-13 - 01:04:00
Workflow 'Update workflow.' started.
              Using DaVinci Configurator  5.18.37 SP1 (x86_64).
 01:04:00 - Action 'Validate workflow environment' started.
 01:04:00 - Action 'Validate dpa file' started.
 01:04:00 - Action 'Validate dpa file' successfully finished.
 01:04:00 - Action 'SLP conformance check' started.
 01:04:01 - Action 'SLP conformance check' successfully finished.
 01:04:01 - Action 'Validate workflow environment' successfully finished.
 01:04:01 - Action 'Create copy of the Project' started.
              Copy project 'D:\Autosar\AutosarTools\S32K144_SIP\MICROSAR\CBD1800257_D01_S32K1xx\Applications\S32K144_Start_new_IAR' to 'C:\Users\31671\AppData\Local\Temp\DaVinci\Cfg-8993648\Workflow\1741799041092-0'...
              Adjusting DPA file of copied project...
 01:04:01 - Action 'Create copy of the Project' successfully finished.
 01:04:01 - Action 'Close Project' started.
 01:04:01 - Action 'Close Project' successfully finished.
 01:04:04 - Action 'Prepare System Extract' started.
 01:04:04 - Action 'Preprocessing System Extract' started.
 01:04:04 - Action 'Preprocessing System Extract' successfully finished.
 01:04:04 - Action 'Create OEM Communication Extract' started.
 01:04:04 - Action 'Create OEM Communication Extract' successfully finished.
 01:04:04 - Action 'Prepare System Extract' successfully finished.
 01:04:04 - Action 'Updating the project' started.
 01:04:06 - Action 'Create ECU configuration' started.
              [Warning] COM52013: No transmission mode declared for the ISignalIPdu.
                          Extract Path: /PDU/msg_Transmit02_oCAN00
                          Ecuc    Path: /Com/ComConfig/msg_Transmit02_oCAN00_e0f54509_Tx/ComTxIPdu.
 01:04:08 - Action 'Create ECU configuration' successfully finished with warnings.
                 [Warning] COM52013: No transmission mode declared for the ISignalIPdu.
                     Extract Path: /PDU/msg_Transmit02_oCAN00
                     Ecuc    Path: /Com/ComConfig/msg_Transmit02_oCAN00_e0f54509_Tx/ComTxIPdu.
 01:04:08 - Action 'Update ECU configuration' started.
 01:04:08 - Action 'Update ECU configuration' started.
 01:04:11 - Action 'Update ECU configuration' successfully finished.
 01:04:11 - Action 'Update ECU configuration' successfully finished.
 01:04:11 - Action 'Updating the project' finished.
 01:04:11 - Action 'Adapt project file' started.
 01:04:11 - Action 'Adapt project file' successfully finished.
 01:04:11 - Action 'Generate update report' started.
 01:04:15 - Action 'Generate update report' successfully finished.
 01:04:15 - Action 'Execute Solving Actions' started.
              Executing Auto-Solving-Actions...
              Auto-Solving-Actions done.
              Executing update specific Preferred-Solving-Actions...
              Update specific Preferred-Solving-Actions done.
 01:04:17 - Action 'Execute Solving Actions' successfully finished.
 01:04:17 - Action 'Update RTE configuration' started.
 01:04:18 - Action 'Update RTE configuration' successfully finished.
 01:04:18 - Action 'Align differences after successful update' started.
 01:04:18 - Action 'Align differences after successful update' successfully finished.
 01:04:18 - Action 'Clean up update data' started.
 01:04:18 - Action 'Clean up update data' successfully finished.
01:04:22 - Workflow 'Update workflow.' finished.
